<?xml version="1.0" encoding="UTF-8"?>
<testng-results ignored="0" total="1" passed="1" failed="0" skipped="0">
  <reporter-output>
    <line>
      <![CDATA[Test case Started.....]]>
    </line>
    <line>
      <![CDATA[Test case Run Successfully.....]]>
    </line>
  </reporter-output>
  <suite started-at="2022-09-02T11:44:14 IST" name="Suite" finished-at="2022-09-02T11:44:21 IST" duration-ms="6304">
    <groups>
    </groups>
    <test started-at="2022-09-02T11:44:14 IST" name="Test" finished-at="2022-09-02T11:44:21 IST" duration-ms="6304">
      <class name="testscripts.AssignmentTask">
        <test-method signature="Tasktest()[pri:0, instance:testscripts.AssignmentTask@193f604a]" started-at="2022-09-02T11:44:14 IST" name="Tasktest" finished-at="2022-09-02T11:44:21 IST" duration-ms="6280" status="PASS">
          <reporter-output>
            <line>
              <![CDATA[Test case Started.....]]>
            </line>
            <line>
              <![CDATA[Test case Run Successfully.....]]>
            </line>
          </reporter-output>
        </test-method> <!-- Tasktest -->
      </class> <!-- testscripts.AssignmentTask -->
    </test> <!-- Test -->
  </suite> <!-- Suite -->
</testng-results>
